[23:10:01] [ServerMain/INFO]: Environment: Environment[sessionHost=https://sessionserver.mojang.com, servicesHost=https://api.minecraftservices.com, name=PROD]
[23:10:03] [ServerMain/INFO]: Loaded 1290 recipes
[23:10:03] [ServerMain/INFO]: Loaded 1399 advancements
[23:10:03] [Server thread/INFO]: Starting minecraft server version 1.21
[23:10:03] [Server thread/INFO]: Loading properties
[23:10:03] [Server thread/INFO]: Default game type: SURVIVAL
[23:10:03] [Server thread/INFO]: Generating keypair
[23:10:03] [Server thread/INFO]: Starting Minecraft server on *:25565
[23:10:03] [Server thread/INFO]: Using epoll channel type
[23:10:03] [Server thread/WARN]: **** SERVER IS RUNNING IN OFFLINE/INSECURE MODE!
[23:10:03] [Server thread/WARN]: The server will make no attempt to authenticate usernames. Beware.
[23:10:03] [Server thread/WARN]: While this makes the game possible to play without internet access, it also opens up the ability for hackers to connect with any username they choose.
[23:10:03] [Server thread/WARN]: To change this, set "online-mode" to "true" in the server.properties file.
[23:10:03] [Server thread/INFO]: Preparing level "world"
[23:10:06] [Server thread/INFO]: Preparing start region for dimension minecraft:overworld
[23:10:06] [Worker-Main-2/INFO]: Preparing spawn area: 0%
[23:10:07] [Server thread/INFO]: Time elapsed: 419 ms
[23:10:07] [Server thread/INFO]: Done (3.098s)! For help, type "help"
[23:10:11] [Server thread/INFO]: Skeeeeewb[/100.86.7.73:59659] logged in with entity id 30 at (92.76164682552488, 119.0, 49.56386947351111)
[23:10:11] [Server thread/INFO]: Skeeeeewb joined the game
[23:13:05] [Server thread/WARN]: Mismatch in destroy block pos: jd{x=0, y=0, z=0} jd{x=238, y=119, z=51}
